#
# There is insufficient memory for the Java Runtime Environment to continue.
# Native memory allocation (malloc) failed to allocate 1015888 bytes for Chunk::new
# Possible reasons:
#   The system is out of physical RAM or swap space
#   The process is running with CompressedOops enabled, and the Java Heap may be blocking the growth of the native heap
# Possible solutions:
#   Reduce memory load on the system
#   Increase physical memory or swap space
#   Check if swap backing store is full
#   Decrease Java heap size (-Xmx/-Xms)
#   Decrease number of Java threads
#   Decrease Java thread stack sizes (-Xss)
#   Set larger code cache with -XX:ReservedCodeCacheSize=
#   JVM is running with Zero Based Compressed Oops mode in which the Java heap is
#     placed in the first 32GB address space. The Java Heap base address is the
#     maximum limit for the native heap growth. Please use -XX:HeapBaseMinAddress
#     to set the Java Heap base and to place the Java Heap above 32GB virtual address.
# This output file may be truncated or incomplete.
#
#  Out of Memory Error (arena.cpp:189), pid=20212, tid=13124
#
# JRE version: OpenJDK Runtime Environment (17.0.6) (build 17.0.6+0-b2043.56-10027231)
# Java VM: OpenJDK 64-Bit Server VM (17.0.6+0-b2043.56-10027231, mixed mode, tiered, compressed oops, compressed class ptrs, g1 gc, windows-amd64)
# No core dump will be written. Minidumps are not enabled by default on client versions of Windows
#

---------------  S U M M A R Y ------------

Command Line: -Djava.awt.headless=true -Djava.util.logging.config.file=C:\Users\Usuario\.android\utp\logging14842200902269296261properties -Dfile.encoding=UTF-8 -Duser.country=US -Duser.language=en -Duser.variant com.google.testing.platform.launcher.Launcher C:\Users\Usuario\.gradle\caches\modules-2\files-2.1\com.google.testing.platform\core\0.0.8-alpha08\762b033d6dcf24e44af8ccc5428ceb3eef540e37\core-0.0.8-alpha08.jar --proto_config=C:\Users\Usuario\.android\utp\runnerConfig296038729519187401.pb --proto_server_config=C:\Users\Usuario\.android\utp\serverConfig10357942302705578841.pb

Host: AMD Ryzen 5 5600G with Radeon Graphics         , 12 cores, 15G,  Windows 11 , 64 bit Build 22621 (10.0.22621.2428)
Time: Thu Oct 19 22:18:59 2023 SA Pacific Standard Time elapsed time: 0.842048 seconds (0d 0h 0m 0s)

---------------  T H R E A D  ---------------

Current thread (0x000001532a061cd0):  JavaThread "C2 CompilerThread1" daemon [_thread_in_native, id=13124, stack(0x00000004b5100000,0x00000004b5200000)]


Current CompileTask:
C2:    842  952  s!   4       jdk.internal.loader.URLClassPath::getLoader (194 bytes)

Stack: [0x00000004b5100000,0x00000004b5200000]
Native frames: (J=compiled Java code, j=interpreted, Vv=VM code, C=native code)
V  [jvm.dll+0x683c9a]
V  [jvm.dll+0x8427a4]
V  [jvm.dll+0x843f9e]
V  [jvm.dll+0x844603]
V  [jvm.dll+0x249b75]
V  [jvm.dll+0xabcac]
V  [jvm.dll+0xac27c]
V  [jvm.dll+0x368857]
V  [jvm.dll+0x332f31]
V  [jvm.dll+0x3323da]
V  [jvm.dll+0x21c201]
V  [jvm.dll+0x21b621]
V  [jvm.dll+0x1a4fdd]
V  [jvm.dll+0x22b098]
V  [jvm.dll+0x229159]
V  [jvm.dll+0x7f81ec]
V  [jvm.dll+0x7f274a]
V  [jvm.dll+0x682ad5]
C  [ucrtbase.dll+0x29363]
C  [KERNEL32.DLL+0x1257d]
C  [ntdll.dll+0x5aa78]


---------------  P R O C E S S  ---------------

Threads class SMR info:
_java_thread_list=0x0000015329e0a160, length=14, elements={
0x000001530a3c8a90, 0x0000015329835960, 0x00000153298365d0, 0x00000153298567e0,
0x0000015329892010, 0x00000153298925d0, 0x0000015329892f80, 0x0000015329895c70,
0x0000015329896710, 0x00000153298a2040, 0x0000015329a03f10, 0x0000015329a11050,
0x000001532a061cd0, 0x0000015329ec20a0
}

Java Threads: ( => current thread )
  0x000001530a3c8a90 JavaThread "main" [_thread_in_vm, id=2728, stack(0x00000004b3e00000,0x00000004b3f00000)]
  0x0000015329835960 JavaThread "Reference Handler" daemon [_thread_blocked, id=12756, stack(0x00000004b4500000,0x00000004b4600000)]
  0x00000153298365d0 JavaThread "Finalizer" daemon [_thread_blocked, id=19532, stack(0x00000004b4600000,0x00000004b4700000)]
  0x00000153298567e0 JavaThread "Signal Dispatcher" daemon [_thread_blocked, id=12100, stack(0x00000004b4700000,0x00000004b4800000)]
  0x0000015329892010 JavaThread "Attach Listener" daemon [_thread_blocked, id=21120, stack(0x00000004b4800000,0x00000004b4900000)]
  0x00000153298925d0 JavaThread "Service Thread" daemon [_thread_blocked, id=13416, stack(0x00000004b4900000,0x00000004b4a00000)]
  0x0000015329892f80 JavaThread "Monitor Deflation Thread" daemon [_thread_blocked, id=13800, stack(0x00000004b4a00000,0x00000004b4b00000)]
  0x0000015329895c70 JavaThread "C2 CompilerThread0" daemon [_thread_in_native, id=18752, stack(0x00000004b4b00000,0x00000004b4c00000)]
  0x0000015329896710 JavaThread "C1 CompilerThread0" daemon [_thread_in_vm, id=10744, stack(0x00000004b4c00000,0x00000004b4d00000)]
  0x00000153298a2040 JavaThread "Sweeper thread" daemon [_thread_blocked, id=11164, stack(0x00000004b4d00000,0x00000004b4e00000)]
  0x0000015329a03f10 JavaThread "Notification Thread" daemon [_thread_blocked, id=13616, stack(0x00000004b4e00000,0x00000004b4f00000)]
  0x0000015329a11050 JavaThread "Common-Cleaner" daemon [_thread_blocked, id=13680, stack(0x00000004b5000000,0x00000004b5100000)]
=>0x000001532a061cd0 JavaThread "C2 CompilerThread1" daemon [_thread_in_native, id=13124, stack(0x00000004b5100000,0x00000004b5200000)]
  0x0000015329ec20a0 JavaThread "C2 CompilerThread2" daemon [_thread_in_native, id=19588, stack(0x00000004b5200000,0x00000004b5300000)]

Other Threads:
  0x000001532984b010 VMThread "VM Thread" [stack: 0x00000004b4400000,0x00000004b4500000] [id=6728]
  0x000001530a46a1e0 WatcherThread [stack: 0x00000004b4f00000,0x00000004b5000000] [id=15516]
  0x000001530a433030 GCTaskThread "GC Thread#0" [stack: 0x00000004b3f00000,0x00000004b4000000] [id=17148]
  0x0000015329f4a140 GCTaskThread "GC Thread#1" [stack: 0x00000004b5300000,0x00000004b5400000] [id=21192]
  0x0000015329abd8b0 GCTaskThread "GC Thread#2" [stack: 0x00000004b5400000,0x00000004b5500000] [id=7596]
  0x0000015329fb74d0 GCTaskThread "GC Thread#3" [stack: 0x00000004b5500000,0x00000004b5600000] [id=4064]
  0x0000015329fb7780 GCTaskThread "GC Thread#4" [stack: 0x00000004b5600000,0x00000004b5700000] [id=7784]
  0x000001532a09d570 GCTaskThread "GC Thread#5" [stack: 0x00000004b5700000,0x00000004b5800000] [id=3996]
  0x000001532a09d820 GCTaskThread "GC Thread#6" [stack: 0x00000004b5800000,0x00000004b5900000] [id=15736]
  0x000001530a4435c0 ConcurrentGCThread "G1 Main Marker" [stack: 0x00000004b4000000,0x00000004b4100000] [id=16824]
  0x000001530a444770 ConcurrentGCThread "G1 Conc#0" [stack: 0x00000004b4100000,0x00000004b4200000] [id=16952]
  0x000001530a48d550 ConcurrentGCThread "G1 Refine#0" [stack: 0x00000004b4200000,0x00000004b4300000] [id=5776]
  0x000001530a48df70 ConcurrentGCThread "G1 Service" [stack: 0x00000004b4300000,0x00000004b4400000] [id=21200]

Threads with active compile tasks:
C2 CompilerThread0      864 1050       4       java.util.concurrent.ConcurrentHashMap::get (162 bytes)
C1 CompilerThread0      864 1053       3       jdk.internal.jimage.ImageStringsReader::stringFromByteBufferMatches (138 bytes)
C2 CompilerThread1      864  952  s!   4       jdk.internal.loader.URLClassPath::getLoader (194 bytes)
C2 CompilerThread2      864  964   !   4       jdk.internal.loader.URLClassPath$JarLoader::getResource (65 bytes)

VM state: not at safepoint (normal execution)

VM Mutex/Monitor currently owned by a thread: None

Heap address: 0x0000000709a00000, size: 3942 MB, Compressed Oops mode: Zero based, Oop shift amount: 3

CDS archive(s) not mapped
Compressed class space mapped at: 0x0000000800000000-0x0000000840000000, reserved size: 1073741824
Narrow klass base: 0x0000000800000000, Narrow klass shift: 0, Narrow klass range: 0x40000000

GC Precious Log:
 CPUs: 12 total, 12 available
 Memory: 15765M
 Large Page Support: Disabled
 NUMA Support: Disabled
 Compressed Oops: Enabled (Zero based)
 Heap Region Size: 2M
 Heap Min Capacity: 8M
 Heap Initial Capacity: 248M
 Heap Max Capacity: 3942M
 Pre-touch: Disabled
 Parallel Workers: 10
 Concurrent Workers: 3
 Concurrent Refinement Workers: 10
 Periodic GC: Disabled

Heap:
 garbage-first heap   total 253952K, used 14484K [0x0000000709a00000, 0x0000000800000000)
  region size 2048K, 9 young (18432K), 2 survivors (4096K)
 Metaspace       used 20194K, committed 20480K, reserved 1073152K
  class space    used 2110K, committed 2240K, reserved 1048576K

Heap Regions: E=young(eden), S=young(survivor), O=old, HS=humongous(starts), HC=humongous(continues), CS=collection set, F=free, OA=open archive, CA=closed archive, TAMS=top-at-mark-start (previous, next)
|   0|0x0000000709a00000, 0x0000000709a25000, 0x0000000709c00000|  7%| O|  |TAMS 0x0000000709a00000, 0x0000000709a00000| Untracked 
|   1|0x0000000709c00000, 0x0000000709c00000, 0x0000000709e00000|  0%| F|  |TAMS 0x0000000709c00000, 0x0000000709c00000| Untracked 
|   2|0x0000000709e00000, 0x0000000709e00000, 0x000000070a000000|  0%| F|  |TAMS 0x0000000709e00000, 0x0000000709e00000| Untracked 
|   3|0x000000070a000000, 0x000000070a000000, 0x000000070a200000|  0%| F|  |TAMS 0x000000070a000000, 0x000000070a000000| Untracked 
|   4|0x000000070a200000, 0x000000070a200000, 0x000000070a400000|  0%| F|  |TAMS 0x000000070a200000, 0x000000070a200000| Untracked 
|   5|0x000000070a400000, 0x000000070a400000, 0x000000070a600000|  0%| F|  |TAMS 0x000000070a400000, 0x000000070a400000| Untracked 
|   6|0x000000070a600000, 0x000000070a600000, 0x000000070a800000|  0%| F|  |TAMS 0x000000070a600000, 0x000000070a600000| Untracked 
|   7|0x000000070a800000, 0x000000070a800000, 0x000000070aa00000|  0%| F|  |TAMS 0x000000070a800000, 0x000000070a800000| Untracked 
|   8|0x000000070aa00000, 0x000000070aa00000, 0x000000070ac00000|  0%| F|  |TAMS 0x000000070aa00000, 0x000000070aa00000| Untracked 
|   9|0x000000070ac00000, 0x000000070ac00000, 0x000000070ae00000|  0%| F|  |TAMS 0x000000070ac00000, 0x000000070ac00000| Untracked 
|  10|0x000000070ae00000, 0x000000070ae00000, 0x000000070b000000|  0%| F|  |TAMS 0x000000070ae00000, 0x000000070ae00000| Untracked 
|  11|0x000000070b000000, 0x000000070b000000, 0x000000070b200000|  0%| F|  |TAMS 0x000000070b000000, 0x000000070b000000| Untracked 
|  12|0x000000070b200000, 0x000000070b200000, 0x000000070b400000|  0%| F|  |TAMS 0x000000070b200000, 0x000000070b200000| Untracked 
|  13|0x000000070b400000, 0x000000070b400000, 0x000000070b600000|  0%| F|  |TAMS 0x000000070b400000, 0x000000070b400000| Untracked 
|  14|0x000000070b600000, 0x000000070b600000, 0x000000070b800000|  0%| F|  |TAMS 0x000000070b600000, 0x000000070b600000| Untracked 
|  15|0x000000070b800000, 0x000000070b800000, 0x000000070ba00000|  0%| F|  |TAMS 0x000000070b800000, 0x000000070b800000| Untracked 
|  16|0x000000070ba00000, 0x000000070ba00000, 0x000000070bc00000|  0%| F|  |TAMS 0x000000070ba00000, 0x000000070ba00000| Untracked 
|  17|0x000000070bc00000, 0x000000070bc00000, 0x000000070be00000|  0%| F|  |TAMS 0x000000070bc00000, 0x000000070bc00000| Untracked 
|  18|0x000000070be00000, 0x000000070be00000, 0x000000070c000000|  0%| F|  |TAMS 0x000000070be00000, 0x000000070be00000| Untracked 
|  19|0x000000070c000000, 0x000000070c000000, 0x000000070c200000|  0%| F|  |TAMS 0x000000070c000000, 0x000000070c000000| Untracked 
|  20|0x000000070c200000, 0x000000070c200000, 0x000000070c400000|  0%| F|  |TAMS 0x000000070c200000, 0x000000070c200000| Untracked 
|  21|0x000000070c400000, 0x000000070c400000, 0x000000070c600000|  0%| F|  |TAMS 0x000000070c400000, 0x000000070c400000| Untracked 
|  22|0x000000070c600000, 0x000000070c600000, 0x000000070c800000|  0%| F|  |TAMS 0x000000070c600000, 0x000000070c600000| Untracked 
|  23|0x000000070c800000, 0x000000070c800000, 0x000000070ca00000|  0%| F|  |TAMS 0x000000070c800000, 0x000000070c800000| Untracked 
|  24|0x000000070ca00000, 0x000000070ca00000, 0x000000070cc00000|  0%| F|  |TAMS 0x000000070ca00000, 0x000000070ca00000| Untracked 
|  25|0x000000070cc00000, 0x000000070cc00000, 0x000000070ce00000|  0%| F|  |TAMS 0x000000070cc00000, 0x000000070cc00000| Untracked 
|  26|0x000000070ce00000, 0x000000070ce00000, 0x000000070d000000|  0%| F|  |TAMS 0x000000070ce00000, 0x000000070ce00000| Untracked 
|  27|0x000000070d000000, 0x000000070d000000, 0x000000070d200000|  0%| F|  |TAMS 0x000000070d000000, 0x000000070d000000| Untracked 
|  28|0x000000070d200000, 0x000000070d200000, 0x000000070d400000|  0%| F|  |TAMS 0x000000070d200000, 0x000000070d200000| Untracked 
|  29|0x000000070d400000, 0x000000070d400000, 0x000000070d600000|  0%| F|  |TAMS 0x000000070d400000, 0x000000070d400000| Untracked 
|  30|0x000000070d600000, 0x000000070d600000, 0x000000070d800000|  0%| F|  |TAMS 0x000000070d600000, 0x000000070d600000| Untracked 
|  31|0x000000070d800000, 0x000000070d800000, 0x000000070da00000|  0%| F|  |TAMS 0x000000070d800000, 0x000000070d800000| Untracked 
|  32|0x000000070da00000, 0x000000070da00000, 0x000000070dc00000|  0%| F|  |TAMS 0x000000070da00000, 0x000000070da00000| Untracked 
|  33|0x000000070dc00000, 0x000000070dc00000, 0x000000070de00000|  0%| F|  |TAMS 0x000000070dc00000, 0x000000070dc00000| Untracked 
|  34|0x000000070de00000, 0x000000070de00000, 0x000000070e000000|  0%| F|  |TAMS 0x000000070de00000, 0x000000070de00000| Untracked 
|  35|0x000000070e000000, 0x000000070e000000, 0x000000070e200000|  0%| F|  |TAMS 0x000000070e000000, 0x000000070e000000| Untracked 
|  36|0x000000070e200000, 0x000000070e200000, 0x000000070e400000|  0%| F|  |TAMS 0x000000070e200000, 0x000000070e200000| Untracked 
|  37|0x000000070e400000, 0x000000070e400000, 0x000000070e600000|  0%| F|  |TAMS 0x000000070e400000, 0x000000070e400000| Untracked 
|  38|0x000000070e600000, 0x000000070e600000, 0x000000070e800000|  0%| F|  |TAMS 0x000000070e600000, 0x000000070e600000| Untracked 
|  39|0x000000070e800000, 0x000000070e800000, 0x000000070ea00000|  0%| F|  |TAMS 0x000000070e800000, 0x000000070e800000| Untracked 
|  40|0x000000070ea00000, 0x000000070ea00000, 0x000000070ec00000|  0%| F|  |TAMS 0x000000070ea00000, 0x000000070ea00000| Untracked 
|  41|0x000000070ec00000, 0x000000070ec00000, 0x000000070ee00000|  0%| F|  |TAMS 0x000000070ec00000, 0x000000070ec00000| Untracked 
|  42|0x000000070ee00000, 0x000000070ee00000, 0x000000070f000000|  0%| F|  |TAMS 0x000000070ee00000, 0x000000070ee00000| Untracked 
|  43|0x000000070f000000, 0x000000070f000000, 0x000000070f200000|  0%| F|  |TAMS 0x000000070f000000, 0x000000070f000000| Untracked 
|  44|0x000000070f200000, 0x000000070f200000, 0x000000070f400000|  0%| F|  |TAMS 0x000000070f200000, 0x000000070f200000| Untracked 
|  45|0x000000070f400000, 0x000000070f400000, 0x000000070f600000|  0%| F|  |TAMS 0x000000070f400000, 0x000000070f400000| Untracked 
|  46|0x000000070f600000, 0x000000070f600000, 0x000000070f800000|  0%| F|  |TAMS 0x000000070f600000, 0x000000070f600000| Untracked 
|  47|0x000000070f800000, 0x000000070f800000, 0x000000070fa00000|  0%| F|  |TAMS 0x000000070f800000, 0x000000070f800000| Untracked 
|  48|0x000000070fa00000, 0x000000070fa00000, 0x000000070fc00000|  0%| F|  |TAMS 0x000000070fa00000, 0x000000070fa00000| Untracked 
|  49|0x000000070fc00000, 0x000000070fc00000, 0x000000070fe00000|  0%| F|  |TAMS 0x000000070fc00000, 0x000000070fc00000| Untracked 
|  50|0x000000070fe00000, 0x000000070fe00000, 0x0000000710000000|  0%| F|  |TAMS 0x000000070fe00000, 0x000000070fe00000| Untracked 
|  51|0x0000000710000000, 0x0000000710000000, 0x0000000710200000|  0%| F|  |TAMS 0x0000000710000000, 0x0000000710000000| Untracked 
|  52|0x0000000710200000, 0x0000000710200000, 0x0000000710400000|  0%| F|  |TAMS 0x0000000710200000, 0x0000000710200000| Untracked 
|  53|0x0000000710400000, 0x0000000710400000, 0x0000000710600000|  0%| F|  |TAMS 0x0000000710400000, 0x0000000710400000| Untracked 
|  54|0x0000000710600000, 0x0000000710600000, 0x0000000710800000|  0%| F|  |TAMS 0x0000000710600000, 0x0000000710600000| Untracked 
|  55|0x0000000710800000, 0x0000000710800000, 0x0000000710a00000|  0%| F|  |TAMS 0x0000000710800000, 0x0000000710800000| Untracked 
|  56|0x0000000710a00000, 0x0000000710a00000, 0x0000000710c00000|  0%| F|  |TAMS 0x0000000710a00000, 0x0000000710a00000| Untracked 
|  57|0x0000000710c00000, 0x0000000710c00000, 0x0000000710e00000|  0%| F|  |TAMS 0x0000000710c00000, 0x0000000710c00000| Untracked 
|  58|0x0000000710e00000, 0x0000000710e00000, 0x0000000711000000|  0%| F|  |TAMS 0x0000000710e00000, 0x0000000710e00000| Untracked 
|  59|0x0000000711000000, 0x0000000711000000, 0x0000000711200000|  0%| F|  |TAMS 0x0000000711000000, 0x0000000711000000| Untracked 
|  60|0x0000000711200000, 0x0000000711200000, 0x0000000711400000|  0%| F|  |TAMS 0x0000000711200000, 0x0000000711200000| Untracked 
|  61|0x0000000711400000, 0x0000000711400000, 0x0000000711600000|  0%| F|  |TAMS 0x0000000711400000, 0x0000000711400000| Untracked 
|  62|0x0000000711600000, 0x0000000711600000, 0x0000000711800000|  0%| F|  |TAMS 0x0000000711600000, 0x0000000711600000| Untracked 
|  63|0x0000000711800000, 0x0000000711800000, 0x0000000711a00000|  0%| F|  |TAMS 0x0000000711800000, 0x0000000711800000| Untracked 
|  64|0x0000000711a00000, 0x0000000711a00000, 0x0000000711c00000|  0%| F|  |TAMS 0x0000000711a00000, 0x0000000711a00000| Untracked 
|  65|0x0000000711c00000, 0x0000000711c00000, 0x0000000711e00000|  0%| F|  |TAMS 0x0000000711c00000, 0x0000000711c00000| Untracked 
|  66|0x0000000711e00000, 0x0000000711e00000, 0x0000000712000000|  0%| F|  |TAMS 0x0000000711e00000, 0x0000000711e00000| Untracked 
|  67|0x0000000712000000, 0x0000000712000000, 0x0000000712200000|  0%| F|  |TAMS 0x0000000712000000, 0x0000000712000000| Untracked 
|  68|0x0000000712200000, 0x0000000712200000, 0x0000000712400000|  0%| F|  |TAMS 0x0000000712200000, 0x0000000712200000| Untracked 
|  69|0x0000000712400000, 0x0000000712400000, 0x0000000712600000|  0%| F|  |TAMS 0x0000000712400000, 0x0000000712400000| Untracked 
|  70|0x0000000712600000, 0x0000000712600000, 0x0000000712800000|  0%| F|  |TAMS 0x0000000712600000, 0x0000000712600000| Untracked 
|  71|0x0000000712800000, 0x0000000712800000, 0x0000000712a00000|  0%| F|  |TAMS 0x0000000712800000, 0x0000000712800000| Untracked 
|  72|0x0000000712a00000, 0x0000000712a00000, 0x0000000712c00000|  0%| F|  |TAMS 0x0000000712a00000, 0x0000000712a00000| Untracked 
|  73|0x0000000712c00000, 0x0000000712c00000, 0x0000000712e00000|  0%| F|  |TAMS 0x0000000712c00000, 0x0000000712c00000| Untracked 
|  74|0x0000000712e00000, 0x0000000712e00000, 0x0000000713000000|  0%| F|  |TAMS 0x0000000712e00000, 0x0000000712e00000| Untracked 
|  75|0x0000000713000000, 0x0000000713000000, 0x0000000713200000|  0%| F|  |TAMS 0x0000000713000000, 0x0000000713000000| Untracked 
|  76|0x0000000713200000, 0x0000000713200000, 0x0000000713400000|  0%| F|  |TAMS 0x0000000713200000, 0x0000000713200000| Untracked 
|  77|0x0000000713400000, 0x0000000713400000, 0x0000000713600000|  0%| F|  |TAMS 0x0000000713400000, 0x0000000713400000| Untracked 
|  78|0x0000000713600000, 0x0000000713600000, 0x0000000713800000|  0%| F|  |TAMS 0x0000000713600000, 0x0000000713600000| Untracked 
|  79|0x0000000713800000, 0x0000000713800000, 0x0000000713a00000|  0%| F|  |TAMS 0x0000000713800000, 0x0000000713800000| Untracked 
|  80|0x0000000713a00000, 0x0000000713a00000, 0x0000000713c00000|  0%| F|  |TAMS 0x0000000713a00000, 0x0000000713a00000| Untracked 
|  81|0x0000000713c00000, 0x0000000713c00000, 0x0000000713e00000|  0%| F|  |TAMS 0x0000000713c00000, 0x0000000713c00000| Untracked 
|  82|0x0000000713e00000, 0x0000000713e00000, 0x0000000714000000|  0%| F|  |TAMS 0x0000000713e00000, 0x0000000713e00000| Untracked 
|  83|0x0000000714000000, 0x0000000714000000, 0x0000000714200000|  0%| F|  |TAMS 0x0000000714000000, 0x0000000714000000| Untracked 
|  84|0x0000000714200000, 0x0000000714200000, 0x0000000714400000|  0%| F|  |TAMS 0x0000000714200000, 0x0000000714200000| Untracked 
|  85|0x0000000714400000, 0x0000000714400000, 0x0000000714600000|  0%| F|  |TAMS 0x0000000714400000, 0x0000000714400000| Untracked 
|  86|0x0000000714600000, 0x0000000714600000, 0x0000000714800000|  0%| F|  |TAMS 0x0000000714600000, 0x0000000714600000| Untracked 
|  87|0x0000000714800000, 0x0000000714800000, 0x0000000714a00000|  0%| F|  |TAMS 0x0000000714800000, 0x0000000714800000| Untracked 
|  88|0x0000000714a00000, 0x0000000714a00000, 0x0000000714c00000|  0%| F|  |TAMS 0x0000000714a00000, 0x0000000714a00000| Untracked 
|  89|0x0000000714c00000, 0x0000000714c00000, 0x0000000714e00000|  0%| F|  |TAMS 0x0000000714c00000, 0x0000000714c00000| Untracked 
|  90|0x0000000714e00000, 0x0000000714e00000, 0x0000000715000000|  0%| F|  |TAMS 0x0000000714e00000, 0x0000000714e00000| Untracked 
|  91|0x0000000715000000, 0x0000000715000000, 0x0000000715200000|  0%| F|  |TAMS 0x0000000715000000, 0x0000000715000000| Untracked 
|  92|0x0000000715200000, 0x0000000715200000, 0x0000000715400000|  0%| F|  |TAMS 0x0000000715200000, 0x0000000715200000| Untracked 
|  93|0x0000000715400000, 0x0000000715400000, 0x0000000715600000|  0%| F|  |TAMS 0x0000000715400000, 0x0000000715400000| Untracked 
|  94|0x0000000715600000, 0x0000000715600000, 0x0000000715800000|  0%| F|  |TAMS 0x0000000715600000, 0x0000000715600000| Untracked 
|  95|0x0000000715800000, 0x0000000715800000, 0x0000000715a00000|  0%| F|  |TAMS 0x0000000715800000, 0x0000000715800000| Untracked 
|  96|0x0000000715a00000, 0x0000000715a00000, 0x0000000715c00000|  0%| F|  |TAMS 0x0000000715a00000, 0x0000000715a00000| Untracked 
|  97|0x0000000715c00000, 0x0000000715c00000, 0x0000000715e00000|  0%| F|  |TAMS 0x0000000715c00000, 0x0000000715c00000| Untracked 
|  98|0x0000000715e00000, 0x0000000715e00000, 0x0000000716000000|  0%| F|  |TAMS 0x0000000715e00000, 0x0000000715e00000| Untracked 
|  99|0x0000000716000000, 0x0000000716000000, 0x0000000716200000|  0%| F|  |TAMS 0x0000000716000000, 0x0000000716000000| Untracked 
| 100|0x0000000716200000, 0x0000000716200000, 0x0000000716400000|  0%| F|  |TAMS 0x0000000716200000, 0x0000000716200000| Untracked 
| 101|0x0000000716400000, 0x0000000716400000, 0x0000000716600000|  0%| F|  |TAMS 0x0000000716400000, 0x0000000716400000| Untracked 
| 102|0x0000000716600000, 0x0000000716600000, 0x0000000716800000|  0%| F|  |TAMS 0x0000000716600000, 0x0000000716600000| Untracked 
| 103|0x0000000716800000, 0x0000000716800000, 0x0000000716a00000|  0%| F|  |TAMS 0x0000000716800000, 0x0000000716800000| Untracked 
| 104|0x0000000716a00000, 0x0000000716a00000, 0x0000000716c00000|  0%| F|  |TAMS 0x0000000716a00000, 0x0000000716a00000| Untracked 
| 105|0x0000000716c00000, 0x0000000716c00000, 0x0000000716e00000|  0%| F|  |TAMS 0x0000000716c00000, 0x0000000716c00000| Untracked 
| 106|0x0000000716e00000, 0x0000000716e00000, 0x0000000717000000|  0%| F|  |TAMS 0x0000000716e00000, 0x0000000716e00000| Untracked 
| 107|0x0000000717000000, 0x0000000717000000, 0x0000000717200000|  0%| F|  |TAMS 0x0000000717000000, 0x0000000717000000| Untracked 
| 108|0x0000000717200000, 0x0000000717200000, 0x0000000717400000|  0%| F|  |TAMS 0x0000000717200000, 0x0000000717200000| Untracked 
| 109|0x0000000717400000, 0x0000000717400000, 0x0000000717600000|  0%| F|  |TAMS 0x0000000717400000, 0x0000000717400000| Untracked 
| 110|0x0000000717600000, 0x0000000717600000, 0x0000000717800000|  0%| F|  |TAMS 0x0000000717600000, 0x0000000717600000| Untracked 
| 111|0x0000000717800000, 0x0000000717a00000, 0x0000000717a00000|100%| S|CS|TAMS 0x0000000717800000, 0x0000000717800000| Complete 
| 112|0x0000000717a00000, 0x0000000717c00000, 0x0000000717c00000|100%| S|CS|TAMS 0x0000000717a00000, 0x0000000717a00000| Complete 
| 113|0x0000000717c00000, 0x0000000717c00000, 0x0000000717e00000|  0%| F|  |TAMS 0x0000000717c00000, 0x0000000717c00000| Untracked 
| 114|0x0000000717e00000, 0x0000000717e00000, 0x0000000718000000|  0%| F|  |TAMS 0x0000000717e00000, 0x0000000717e00000| Untracked 
| 115|0x0000000718000000, 0x0000000718000000, 0x0000000718200000|  0%| F|  |TAMS 0x0000000718000000, 0x0000000718000000| Untracked 
| 116|0x0000000718200000, 0x0000000718296b50, 0x0000000718400000| 29%| E|  |TAMS 0x0000000718200000, 0x0000000718200000| Complete 
| 117|0x0000000718400000, 0x0000000718600000, 0x0000000718600000|100%| E|CS|TAMS 0x0000000718400000, 0x0000000718400000| Complete 
| 118|0x0000000718600000, 0x0000000718800000, 0x0000000718800000|100%| E|CS|TAMS 0x0000000718600000, 0x0000000718600000| Complete 
| 119|0x0000000718800000, 0x0000000718a00000, 0x0000000718a00000|100%| E|CS|TAMS 0x0000000718800000, 0x0000000718800000| Complete 
| 120|0x0000000718a00000, 0x0000000718c00000, 0x0000000718c00000|100%| E|CS|TAMS 0x0000000718a00000, 0x0000000718a00000| Complete 
| 121|0x0000000718c00000, 0x0000000718e00000, 0x0000000718e00000|100%| E|CS|TAMS 0x0000000718c00000, 0x0000000718c00000| Complete 
| 122|0x0000000718e00000, 0x0000000719000000, 0x0000000719000000|100%| E|  |TAMS 0x0000000718e00000, 0x0000000718e00000| Complete 
| 123|0x0000000719000000, 0x0000000719200000, 0x0000000719200000|100%| E|CS|TAMS 0x0000000719000000, 0x0000000719000000| Complete 

Card table byte_map: [0x000001531d5a0000,0x000001531dd60000] _byte_map_base: 0x0000015319d53000

Marking Bits (Prev, Next): (CMBitMap*) 0x000001530a433640, (CMBitMap*) 0x000001530a433680
 Prev Bits: [0x000001531e520000, 0x00000153222b8000)
 Next Bits: [0x00000153222c0000, 0x0000015326058000)

Polling page: 0x00000153083d0000

Metaspace:

Usage:
  Non-class:     17.67 MB used.
      Class:      2.06 MB used.
       Both:     19.73 MB used.

Virtual space:
  Non-class space:       24.00 MB reserved,      17.81 MB ( 74%) committed,  3 nodes.
      Class space:        1.00 GB reserved,       2.19 MB ( <1%) committed,  1 nodes.
             Both:        1.02 GB reserved,      20.00 MB (  2%) committed. 

Chunk freelists:
   Non-Class:  2.23 MB
       Class:  1.74 MB
        Both:  3.98 MB

MaxMetaspaceSize: unlimited
CompressedClassSpaceSize: 1.00 GB
Initial GC threshold: 21.00 MB
Current GC threshold: 21.00 MB
CDS: off
MetaspaceReclaimPolicy: balanced
 - commit_granule_bytes: 65536.
 - commit_granule_words: 8192.
 - virtual_space_node_default_size: 1048576.
 - enlarge_chunks_in_place: 1.
 - new_chunks_are_fully_committed: 0.
 - uncommit_free_chunks: 1.
 - use_allocation_guard: 0.
 - handle_deallocations: 1.


Internal statistics:

num_allocs_failed_limit: 0.
num_arena_births: 50.
num_arena_deaths: 0.
num_vsnodes_births: 4.
num_vsnodes_deaths: 0.
num_space_committed: 320.
num_space_uncommitted: 0.
num_chunks_returned_to_freelist: 0.
num_chunks_taken_from_freelist: 400.
num_chunk_merges: 0.
num_chunk_splits: 308.
num_chunks_enlarged: 259.
num_purges: 0.
num_inconsistent_stats: 0.

CodeHeap 'non-profiled nmethods': size=120000Kb used=349Kb max_used=349Kb free=119650Kb
 bounds [0x0000015315360000, 0x00000153155d0000, 0x000001531c890000]
CodeHeap 'profiled nmethods': size=120000Kb used=2048Kb max_used=2048Kb free=117952Kb
 bounds [0x000001530d890000, 0x000001530db00000, 0x0000015314dc0000]
CodeHeap 'non-nmethods': size=5760Kb used=1180Kb max_used=1203Kb free=4579Kb
 bounds [0x0000015314dc0000, 0x0000015315030000, 0x0000015315360000]
 total_blobs=1550 nmethods=1072 adapters=391
 compilation: enabled
              stopped_count=0, restarted_count=0
 full_count=0

Compilation events (20 events):
Event: 0.834 Thread 0x0000015329895c70  985       4       java.lang.Object::<init> (1 bytes)
Event: 0.834 Thread 0x0000015329895c70 nmethod 985 0x00000153153b0a10 code [0x00000153153b0b80, 0x00000153153b0c38]
Event: 0.834 Thread 0x0000015329895c70  969       4       jdk.internal.jimage.ImageStringsReader::unmaskedHashCode (166 bytes)
Event: 0.836 Thread 0x0000015329895c70 nmethod 969 0x00000153153b0d10 code [0x00000153153b0ea0, 0x00000153153b1068]
Event: 0.836 Thread 0x0000015329895c70  960   !   4       jdk.internal.loader.URLClassPath$JarLoader::ensureOpen (36 bytes)
Event: 0.836 Thread 0x0000015329896710  991       3       java.io.BufferedReader::ensureOpen (18 bytes)
Event: 0.837 Thread 0x0000015329896710 nmethod 991 0x000001530da6c710 code [0x000001530da6c8c0, 0x000001530da6cac8]
Event: 0.837 Thread 0x0000015329896710  992       3       java.nio.ByteBuffer::limit (8 bytes)
Event: 0.837 Thread 0x0000015329896710 nmethod 992 0x000001530da6cb90 code [0x000001530da6cd20, 0x000001530da6ce68]
Event: 0.837 Thread 0x0000015329896710  993       3       java.io.StreamTokenizer::read (38 bytes)
Event: 0.838 Thread 0x0000015329896710 nmethod 993 0x000001530da6cf10 code [0x000001530da6d0e0, 0x000001530da6d4e8]
Event: 0.838 Thread 0x0000015329896710  994   !   3       java.io.BufferedReader::read (104 bytes)
Event: 0.838 Thread 0x0000015329896710 nmethod 994 0x000001530da6d610 code [0x000001530da6d800, 0x000001530da6ddd8]
Event: 0.839 Thread 0x0000015329895c70 nmethod 960 0x00000153153b1290 code [0x00000153153b1440, 0x00000153153b1628]
Event: 0.839 Thread 0x0000015329895c70  976   !   4       java.nio.DirectByteBuffer::get (34 bytes)
Event: 0.839 Thread 0x0000015329895c70 nmethod 976 0x00000153153b1810 code [0x00000153153b1980, 0x00000153153b1a58]
Event: 0.839 Thread 0x0000015329895c70  990       4       java.lang.Character::toLowerCase (9 bytes)
Event: 0.840 Thread 0x0000015329896710  995       3       java.util.regex.Pattern::append (43 bytes)
Event: 0.840 Thread 0x0000015329896710 nmethod 995 0x000001530da6e110 code [0x000001530da6e2e0, 0x000001530da6e6f8]
Event: 0.840 Thread 0x0000015329895c70 nmethod 990 0x00000153153b1b90 code [0x00000153153b1d00, 0x00000153153b1dd8]

GC Heap History (2 events):
Event: 0.553 GC heap before
{Heap before GC invocations=0 (full 0):
 garbage-first heap   total 253952K, used 20480K [0x0000000709a00000, 0x0000000800000000)
  region size 2048K, 11 young (22528K), 0 survivors (0K)
 Metaspace       used 15699K, committed 15808K, reserved 1064960K
  class space    used 1653K, committed 1728K, reserved 1048576K
}
Event: 0.557 GC heap after
{Heap after GC invocations=1 (full 0):
 garbage-first heap   total 253952K, used 4244K [0x0000000709a00000, 0x0000000800000000)
  region size 2048K, 2 young (4096K), 2 survivors (4096K)
 Metaspace       used 15699K, committed 15808K, reserved 1064960K
  class space    used 1653K, committed 1728K, reserved 1048576K
}

Dll operation events (1 events):
Event: 0.005 Loaded shared library C:\Program Files\Android\Android Studio\jbr\bin\java.dll

Deoptimization events (20 events):
Event: 0.589 Thread 0x000001530a3c8a90 DEOPT PACKING pc=0x0000015315397cac sp=0x00000004b3efe220
Event: 0.589 Thread 0x000001530a3c8a90 DEOPT UNPACKING pc=0x0000015314e169a3 sp=0x00000004b3efe200 mode 2
Event: 0.643 Thread 0x000001530a3c8a90 Uncommon trap: trap_request=0xffffff45 fr.pc=0x0000015315383630 relative=0x0000000000000390
Event: 0.644 Thread 0x000001530a3c8a90 Uncommon trap: reason=unstable_if action=reinterpret pc=0x0000015315383630 method=java.lang.StringLatin1.indexOf([BI[BII)I @ 91 c2
Event: 0.644 Thread 0x000001530a3c8a90 DEOPT PACKING pc=0x0000015315383630 sp=0x00000004b3efd300
Event: 0.644 Thread 0x000001530a3c8a90 DEOPT UNPACKING pc=0x0000015314e169a3 sp=0x00000004b3efd288 mode 2
Event: 0.719 Thread 0x000001530a3c8a90 Uncommon trap: trap_request=0xffffff45 fr.pc=0x000001531536b014 relative=0x0000000000000174
Event: 0.719 Thread 0x000001530a3c8a90 Uncommon trap: reason=unstable_if action=reinterpret pc=0x000001531536b014 method=java.util.zip.ZipFile$Source.isMetaName([BII)Z @ 43 c2
Event: 0.719 Thread 0x000001530a3c8a90 DEOPT PACKING pc=0x000001531536b014 sp=0x00000004b3efb670
Event: 0.719 Thread 0x000001530a3c8a90 DEOPT UNPACKING pc=0x0000015314e169a3 sp=0x00000004b3efb618 mode 2
Event: 0.742 Thread 0x000001530a3c8a90 DEOPT PACKING pc=0x000001530da0a43e sp=0x00000004b3efc770
Event: 0.742 Thread 0x000001530a3c8a90 DEOPT UNPACKING pc=0x0000015314e17143 sp=0x00000004b3efbc10 mode 0
Event: 0.790 Thread 0x000001530a3c8a90 Uncommon trap: trap_request=0xffffff45 fr.pc=0x0000015315389e08 relative=0x0000000000001168
Event: 0.790 Thread 0x000001530a3c8a90 Uncommon trap: reason=unstable_if action=reinterpret pc=0x0000015315389e08 method=java.util.concurrent.ConcurrentHashMap.putVal(Ljava/lang/Object;Ljava/lang/Object;Z)Ljava/lang/Object; @ 231 c2
Event: 0.790 Thread 0x000001530a3c8a90 DEOPT PACKING pc=0x0000015315389e08 sp=0x00000004b3efb380
Event: 0.790 Thread 0x000001530a3c8a90 DEOPT UNPACKING pc=0x0000015314e169a3 sp=0x00000004b3efb2f0 mode 2
Event: 0.821 Thread 0x000001530a3c8a90 Uncommon trap: trap_request=0xffffffc6 fr.pc=0x00000153153a25cc relative=0x000000000000028c
Event: 0.821 Thread 0x000001530a3c8a90 Uncommon trap: reason=bimorphic_or_optimized_type_check action=maybe_recompile pc=0x00000153153a25cc method=java.util.HashMap.getNode(Ljava/lang/Object;)Ljava/util/HashMap$Node; @ 128 c2
Event: 0.821 Thread 0x000001530a3c8a90 DEOPT PACKING pc=0x00000153153a25cc sp=0x00000004b3efa3c0
Event: 0.821 Thread 0x000001530a3c8a90 DEOPT UNPACKING pc=0x0000015314e169a3 sp=0x00000004b3efa348 mode 2

Classes unloaded (0 events):
No events

Classes redefined (0 events):
No events

Internal exceptions (18 events):
Event: 0.307 Thread 0x000001530a3c8a90 Exception <a 'java/lang/NoClassDefFoundError'{0x0000000718583c18}: org/slf4j/LoggerFactory> (0x0000000718583c18) 
thrown [s\src\hotspot\share\classfile\systemDictionary.cpp, line 245]
Event: 0.307 Thread 0x000001530a3c8a90 Exception <a 'java/lang/NoClassDefFoundError'{0x0000000718583c18}> (0x0000000718583c18) 
thrown [s\src\hotspot\share\oops\instanceKlass.cpp, line 1181]
Event: 0.307 Thread 0x000001530a3c8a90 Exception <a 'java/lang/NoClassDefFoundError'{0x000000071858bc78}: org/apache/logging/log4j/spi/ExtendedLoggerWrapper> (0x000000071858bc78) 
thrown [s\src\hotspot\share\classfile\systemDictionary.cpp, line 245]
Event: 0.315 Thread 0x000001530a3c8a90 Exception <a 'java/lang/NoSuchMethodError'{0x00000007185ed588}: 'java.lang.Object java.lang.invoke.DirectMethodHandle$Holder.invokeStaticInit(java.lang.Object)'> (0x00000007185ed588) 
thrown [s\src\hotspot\share\interpreter\linkResolver.cpp, line 771]
Event: 0.326 Thread 0x000001530a3c8a90 Exception <a 'java/lang/NoSuchMethodError'{0x0000000718210468}: 'int java.lang.invoke.DirectMethodHandle$Holder.invokeSpecial(java.lang.Object, java.lang.Object, java.lang.Object)'> (0x0000000718210468) 
thrown [s\src\hotspot\share\interpreter\linkResolver.cpp, line 771]
Event: 0.443 Thread 0x000001530a3c8a90 Exception <a 'java/lang/NoSuchMethodError'{0x0000000717c08048}: 'java.lang.Object java.lang.invoke.DirectMethodHandle$Holder.invokeStaticInit(java.lang.Object, int, int, int, int)'> (0x0000000717c08048) 
thrown [s\src\hotspot\share\interpreter\linkResolver.cpp, line 771]
Event: 0.559 Thread 0x000001530a3c8a90 Exception <a 'java/lang/NoSuchMethodError'{0x000000071902d5d0}: 'java.lang.Object java.lang.invoke.DirectMethodHandle$Holder.invokeStaticInit(java.lang.Object, java.lang.Object, int, int, int, int)'> (0x000000071902d5d0) 
thrown [s\src\hotspot\share\interpreter\linkResolver.cpp, line 771]
Event: 0.770 Thread 0x000001530a3c8a90 Exception <a 'java/lang/NoClassDefFoundError'{0x000000071872c990}: org/slf4j/LoggerFactory> (0x000000071872c990) 
thrown [s\src\hotspot\share\classfile\systemDictionary.cpp, line 245]
Event: 0.770 Thread 0x000001530a3c8a90 Exception <a 'java/lang/NoClassDefFoundError'{0x000000071872c990}> (0x000000071872c990) 
thrown [s\src\hotspot\share\oops\instanceKlass.cpp, line 1181]
Event: 0.770 Thread 0x000001530a3c8a90 Exception <a 'java/lang/NoClassDefFoundError'{0x0000000718736940}: org/apache/logging/log4j/spi/ExtendedLoggerWrapper> (0x0000000718736940) 
thrown [s\src\hotspot\share\classfile\systemDictionary.cpp, line 245]
Event: 0.771 Thread 0x000001530a3c8a90 Exception <a 'java/lang/NoClassDefFoundError'{0x0000000718740f48}: org/apache/log4j/Priority> (0x0000000718740f48) 
thrown [s\src\hotspot\share\classfile\systemDictionary.cpp, line 245]
Event: 0.802 Thread 0x000001530a3c8a90 Exception <a 'java/lang/reflect/InvocationTargetException'{0x000000071848aee0}> (0x000000071848aee0) 
thrown [s\src\hotspot\share\runtime\reflection.cpp, line 1127]
Event: 0.806 Thread 0x000001530a3c8a90 Exception <a 'java/lang/reflect/InvocationTargetException'{0x0000000718498a88}> (0x0000000718498a88) 
thrown [s\src\hotspot\share\runtime\reflection.cpp, line 1127]
Event: 0.808 Thread 0x000001530a3c8a90 Exception <a 'java/lang/reflect/InvocationTargetException'{0x00000007184a2240}> (0x00000007184a2240) 
thrown [s\src\hotspot\share\runtime\reflection.cpp, line 1127]
Event: 0.814 Thread 0x000001530a3c8a90 Exception <a 'java/lang/UnsatisfiedLinkError'{0x00000007184f35a8}: 'int io.netty.internal.tcnative.Library.aprMajorVersion()'> (0x00000007184f35a8) 
thrown [s\src\hotspot\share\prims\nativeLookup.cpp, line 543]
Event: 0.817 Thread 0x000001530a3c8a90 Exception <a 'java/lang/ClassNotFoundException'{0x00000007185127f8}: org/eclipse/jetty/alpn/ALPN> (0x00000007185127f8) 
thrown [s\src\hotspot\share\classfile\systemDictionary.cpp, line 256]
Event: 0.817 Thread 0x000001530a3c8a90 Exception <a 'java/lang/ClassNotFoundException'{0x0000000718512e10}: org/eclipse/jetty/npn/NextProtoNego> (0x0000000718512e10) 
thrown [s\src\hotspot\share\classfile\systemDictionary.cpp, line 256]
Event: 0.834 Thread 0x000001530a3c8a90 Exception <a 'sun/nio/fs/WindowsException'{0x0000000718529610}> (0x0000000718529610) 
thrown [s\src\hotspot\share\prims\jni.cpp, line 517]

VM Operations (20 events):
Event: 0.349 Executing VM operation: HandshakeAllThreads
Event: 0.349 Executing VM operation: HandshakeAllThreads done
Event: 0.358 Executing VM operation: HandshakeAllThreads
Event: 0.358 Executing VM operation: HandshakeAllThreads done
Event: 0.434 Executing VM operation: HandshakeAllThreads
Event: 0.434 Executing VM operation: HandshakeAllThreads done
Event: 0.553 Executing VM operation: G1CollectForAllocation
Event: 0.557 Executing VM operation: G1CollectForAllocation done
Event: 0.644 Executing VM operation: HandshakeAllThreads
Event: 0.644 Executing VM operation: HandshakeAllThreads done
Event: 0.811 Executing VM operation: HandshakeAllThreads
Event: 0.811 Executing VM operation: HandshakeAllThreads done
Event: 0.816 Executing VM operation: HandshakeAllThreads
Event: 0.816 Executing VM operation: HandshakeAllThreads done
Event: 0.835 Executing VM operation: HandshakeAllThreads
Event: 0.835 Executing VM operation: HandshakeAllThreads done
Event: 0.838 Executing VM operation: HandshakeAllThreads
Event: 0.838 Executing VM operation: HandshakeAllThreads done
Event: 0.839 Executing VM operation: HandshakeAllThreads
Event: 0.839 Executing VM operation: HandshakeAllThreads done

Events (20 events):
Event: 0.839 loading class javax/crypto/CipherSpi done
Event: 0.839 loading class com/sun/crypto/provider/ARCFOURCipher done
Event: 0.839 loading class sun/security/ssl/SSLCipher$T10BlockReadCipherGenerator
Event: 0.839 loading class sun/security/ssl/SSLCipher$T10BlockReadCipherGenerator done
Event: 0.839 loading class sun/security/ssl/SSLCipher$T10BlockWriteCipherGenerator
Event: 0.840 loading class sun/security/ssl/SSLCipher$T10BlockWriteCipherGenerator done
Event: 0.840 loading class com/sun/crypto/provider/DESCipher
Event: 0.840 loading class com/sun/crypto/provider/DESCipher done
Event: 0.840 loading class com/sun/crypto/provider/CipherCore
Event: 0.840 loading class com/sun/crypto/provider/CipherCore done
Event: 0.840 loading class com/sun/crypto/provider/DESCrypt
Event: 0.840 loading class com/sun/crypto/provider/DESConstants
Event: 0.841 loading class com/sun/crypto/provider/DESConstants done
Event: 0.841 loading class com/sun/crypto/provider/SymmetricCipher
Event: 0.841 loading class com/sun/crypto/provider/SymmetricCipher done
Event: 0.841 loading class com/sun/crypto/provider/DESCrypt done
Event: 0.841 loading class com/sun/crypto/provider/ElectronicCodeBook
Event: 0.841 loading class com/sun/crypto/provider/FeedbackCipher
Event: 0.841 loading class com/sun/crypto/provider/FeedbackCipher done
Event: 0.841 loading class com/sun/crypto/provider/ElectronicCodeBook done


Dynamic libraries:
0x00007ff621a10000 - 0x00007ff621a1a000 	C:\Program Files\Android\Android Studio\jbr\bin\java.exe
0x00007ffa31490000 - 0x00007ffa316a7000 	C:\WINDOWS\SYSTEM32\ntdll.dll
0x00007ffa2fed0000 - 0x00007ffa2ff94000 	C:\WINDOWS\System32\KERNEL32.DLL
0x00007ffa2ee40000 - 0x00007ffa2f1e6000 	C:\WINDOWS\System32\KERNELBASE.dll
0x00007ffa2ec80000 - 0x00007ffa2ed91000 	C:\WINDOWS\System32\ucrtbase.dll
0x00007ff9e0d80000 - 0x00007ff9e0d97000 	C:\Program Files\Android\Android Studio\jbr\bin\jli.dll
0x00007ff9e7150000 - 0x00007ff9e716b000 	C:\Program Files\Android\Android Studio\jbr\bin\VCRUNTIME140.dll
0x00007ffa2f7e0000 - 0x00007ffa2f98d000 	C:\WINDOWS\System32\USER32.dll
0x00007ffa14ea0000 - 0x00007ffa15133000 	C:\WINDOWS\WinSxS\amd64_microsoft.windows.common-controls_6595b64144ccf1df_6.0.22621.2361_none_2712ced57382f843\COMCTL32.dll
0x00007ffa2e880000 - 0x00007ffa2e8a6000 	C:\WINDOWS\System32\win32u.dll
0x00007ffa30ee0000 - 0x00007ffa30f09000 	C:\WINDOWS\System32\GDI32.dll
0x00007ffa30f80000 - 0x00007ffa31027000 	C:\WINDOWS\System32\msvcrt.dll
0x00007ffa2eb60000 - 0x00007ffa2ec78000 	C:\WINDOWS\System32\gdi32full.dll
0x00007ffa2eda0000 - 0x00007ffa2ee3a000 	C:\WINDOWS\System32\msvcp_win.dll
0x00007ffa2fa90000 - 0x00007ffa2fac1000 	C:\WINDOWS\System32\IMM32.DLL
0x00007ffa06a70000 - 0x00007ffa06a7c000 	C:\Program Files\Android\Android Studio\jbr\bin\vcruntime140_1.dll
0x00007ff9ce7c0000 - 0x00007ff9ce84d000 	C:\Program Files\Android\Android Studio\jbr\bin\msvcp140.dll
0x00007ff9d59f0000 - 0x00007ff9d665e000 	C:\Program Files\Android\Android Studio\jbr\bin\server\jvm.dll
0x00007ffa2fc60000 - 0x00007ffa2fd10000 	C:\WINDOWS\System32\ADVAPI32.dll
0x00007ffa2fad0000 - 0x00007ffa2fb76000 	C:\WINDOWS\System32\sechost.dll
0x00007ffa2fd90000 - 0x00007ffa2fea7000 	C:\WINDOWS\System32\RPCRT4.dll
0x00007ffa18b90000 - 0x00007ffa18b99000 	C:\WINDOWS\SYSTEM32\WSOCK32.dll
0x00007ffa27500000 - 0x00007ffa27534000 	C:\WINDOWS\SYSTEM32\WINMM.dll
0x00007ffa24fe0000 - 0x00007ffa24fea000 	C:\WINDOWS\SYSTEM32\VERSION.dll
0x00007ffa2fd10000 - 0x00007ffa2fd81000 	C:\WINDOWS\System32\WS2_32.dll
0x00007ffa2d7b0000 - 0x00007ffa2d7c8000 	C:\WINDOWS\SYSTEM32\kernel.appcore.dll
0x00007ffa1d7f0000 - 0x00007ffa1d7fa000 	C:\Program Files\Android\Android Studio\jbr\bin\jimage.dll
0x00007ffa22420000 - 0x00007ffa2264e000 	C:\WINDOWS\SYSTEM32\DBGHELP.DLL
0x00007ffa310c0000 - 0x00007ffa3144a000 	C:\WINDOWS\System32\combase.dll
0x00007ffa2fb80000 - 0x00007ffa2fc57000 	C:\WINDOWS\System32\OLEAUT32.dll
0x00007ffa174b0000 - 0x00007ffa174e2000 	C:\WINDOWS\SYSTEM32\dbgcore.DLL
0x00007ffa2e8b0000 - 0x00007ffa2e92a000 	C:\WINDOWS\System32\bcryptPrimitives.dll
0x00007ff9e7080000 - 0x00007ff9e70a5000 	C:\Program Files\Android\Android Studio\jbr\bin\java.dll
0x00007ff9e79b0000 - 0x00007ff9e79c8000 	C:\Program Files\Android\Android Studio\jbr\bin\zip.dll
0x00007ffa2ffc0000 - 0x00007ffa30818000 	C:\WINDOWS\System32\SHELL32.dll
0x00007ffa2c720000 - 0x00007ffa2d012000 	C:\WINDOWS\SYSTEM32\windows.storage.dll
0x00007ffa2c5e0000 - 0x00007ffa2c71e000 	C:\WINDOWS\SYSTEM32\wintypes.dll
0x00007ffa2f310000 - 0x00007ffa2f403000 	C:\WINDOWS\System32\SHCORE.dll
0x00007ffa30f10000 - 0x00007ffa30f6e000 	C:\WINDOWS\System32\shlwapi.dll
0x00007ffa2e740000 - 0x00007ffa2e766000 	C:\WINDOWS\SYSTEM32\profapi.dll
0x00007ff9e5370000 - 0x00007ff9e5389000 	C:\Program Files\Android\Android Studio\jbr\bin\net.dll
0x00007ffa27360000 - 0x00007ffa27497000 	C:\WINDOWS\SYSTEM32\WINHTTP.dll
0x00007ffa2dc80000 - 0x00007ffa2dce9000 	C:\WINDOWS\system32\mswsock.dll
0x00007ff9e5350000 - 0x00007ff9e5366000 	C:\Program Files\Android\Android Studio\jbr\bin\nio.dll
0x00007ffa0c460000 - 0x00007ffa0c469000 	C:\Program Files\Android\Android Studio\jbr\bin\management.dll
0x00007ffa095f0000 - 0x00007ffa095fb000 	C:\Program Files\Android\Android Studio\jbr\bin\management_ext.dll
0x00007ffa2ffa0000 - 0x00007ffa2ffa8000 	C:\WINDOWS\System32\PSAPI.DLL
0x00007ffa06ff0000 - 0x00007ffa06ff8000 	C:\WINDOWS\system32\wshunix.dll
0x00007ffa2e000000 - 0x00007ffa2e01b000 	C:\WINDOWS\SYSTEM32\CRYPTSP.dll
0x00007ffa2d770000 - 0x00007ffa2d7a5000 	C:\WINDOWS\system32\rsaenh.dll
0x00007ffa2dd20000 - 0x00007ffa2dd4c000 	C:\WINDOWS\SYSTEM32\USERENV.dll
0x00007ffa2e1d0000 - 0x00007ffa2e1f8000 	C:\WINDOWS\SYSTEM32\bcrypt.dll
0x00007ffa2df80000 - 0x00007ffa2df8c000 	C:\WINDOWS\SYSTEM32\CRYPTBASE.dll
0x00007ffa2d2c0000 - 0x00007ffa2d2ed000 	C:\WINDOWS\SYSTEM32\IPHLPAPI.DLL
0x00007ffa2ffb0000 - 0x00007ffa2ffb9000 	C:\WINDOWS\System32\NSI.dll
0x00007ffa27e30000 - 0x00007ffa27e49000 	C:\WINDOWS\SYSTEM32\dhcpcsvc6.DLL
0x00007ffa271b0000 - 0x00007ffa271cf000 	C:\WINDOWS\SYSTEM32\dhcpcsvc.DLL
0x00007ffa2d2f0000 - 0x00007ffa2d3e9000 	C:\WINDOWS\SYSTEM32\DNSAPI.dll

dbghelp: loaded successfully - version: 4.0.5 - missing functions: none
symbol engine: initialized successfully - sym options: 0x614 - pdb path: .;C:\Program Files\Android\Android Studio\jbr\bin;C:\WINDOWS\SYSTEM32;C:\WINDOWS\WinSxS\amd64_microsoft.windows.common-controls_6595b64144ccf1df_6.0.22621.2361_none_2712ced57382f843;C:\Program Files\Android\Android Studio\jbr\bin\server

VM Arguments:
jvm_args: -Djava.awt.headless=true -Djava.util.logging.config.file=C:\Users\Usuario\.android\utp\logging14842200902269296261properties -Dfile.encoding=UTF-8 -Duser.country=US -Duser.language=en -Duser.variant 
java_command: com.google.testing.platform.launcher.Launcher C:\Users\Usuario\.gradle\caches\modules-2\files-2.1\com.google.testing.platform\core\0.0.8-alpha08\762b033d6dcf24e44af8ccc5428ceb3eef540e37\core-0.0.8-alpha08.jar --proto_config=C:\Users\Usuario\.android\utp\runnerConfig296038729519187401.pb --proto_server_config=C:\Users\Usuario\.android\utp\serverConfig10357942302705578841.pb
java_class_path (initial): C:\Users\Usuario\.gradle\caches\modules-2\files-2.1\com.google.testing.platform\launcher\0.0.8-alpha08\de8664b74f9b70fea224c610fd41b802805c72ab\launcher-0.0.8-alpha08.jar
Launcher Type: SUN_STANDARD

[Global flags]
     intx CICompilerCount                          = 4                                         {product} {ergonomic}
     uint ConcGCThreads                            = 3                                         {product} {ergonomic}
     uint G1ConcRefinementThreads                  = 10                                        {product} {ergonomic}
   size_t G1HeapRegionSize                         = 2097152                                   {product} {ergonomic}
    uintx GCDrainStackTargetSize                   = 64                                        {product} {ergonomic}
   size_t InitialHeapSize                          = 260046848                                 {product} {ergonomic}
   size_t MarkStackSize                            = 4194304                                   {product} {ergonomic}
   size_t MaxHeapSize                              = 4133486592                                {product} {ergonomic}
   size_t MaxNewSize                               = 2478833664                                {product} {ergonomic}
   size_t MinHeapDeltaBytes                        = 2097152                                   {product} {ergonomic}
   size_t MinHeapSize                              = 8388608                                   {product} {ergonomic}
    uintx NonNMethodCodeHeapSize                   = 5839372                                {pd product} {ergonomic}
    uintx NonProfiledCodeHeapSize                  = 122909434                              {pd product} {ergonomic}
    uintx ProfiledCodeHeapSize                     = 122909434                              {pd product} {ergonomic}
    uintx ReservedCodeCacheSize                    = 251658240                              {pd product} {ergonomic}
     bool SegmentedCodeCache                       = true                                      {product} {ergonomic}
   size_t SoftMaxHeapSize                          = 4133486592                             {manageable} {ergonomic}
     bool UseCompressedClassPointers               = true                           {product lp64_product} {ergonomic}
     bool UseCompressedOops                        = true                           {product lp64_product} {ergonomic}
     bool UseG1GC                                  = true                                      {product} {ergonomic}
     bool UseLargePagesIndividualAllocation        = false                                  {pd product} {ergonomic}

Logging:
Log output configuration:
 #0: stdout all=warning uptime,level,tags
 #1: stderr all=off uptime,level,tags

Environment Variables:
JAVA_HOME=C:\Program Files\Java\jdk1.8.0_202
PATH=C:\Program Files (x86)\Common Files\Oracle\Java\javapath;C:\WINDOWS\system32;C:\WINDOWS;C:\WINDOWS\System32\Wbem;C:\WINDOWS\System32\WindowsPowerShell\v1.0\;C:\WINDOWS\System32\OpenSSH\;C:\Program Files (x86)\Windows Live\Shared;C:\Program Files\Git\cmd;C:\Program Files\nodejs\;C:\Program Files\Docker\Docker\resources\bin;C:\Users\Usuario\AppData\Local\Programs\Python\Python310\Scripts\;C:\Users\Usuario\AppData\Local\Programs\Python\Python310\;C:\Users\Usuario\AppData\Local\Microsoft\WindowsApps;C:\Users\Usuario\AppData\Local\Programs\Microsoft VS Code\bin;C:\Users\Usuario\AppData\Roaming\npm;C:\Users\Usuario\.kube;C:\Users\Usuario\istioctl;C:\Program Files\MiniZinc;;C:\Program Files\Azure Data Studio\bin
USERNAME=Usuario
OS=Windows_NT
PROCESSOR_IDENTIFIER=AMD64 Family 25 Model 80 Stepping 0, AuthenticAMD
TMP=C:\Users\Usuario\AppData\Local\Temp
TEMP=C:\Users\Usuario\AppData\Local\Temp


JNI global refs:
JNI global refs: 16, weak refs: 0

JNI global refs memory usage: 843, weak refs: 841


---------------  S Y S T E M  ---------------

OS:
 Windows 11 , 64 bit Build 22621 (10.0.22621.2428)
OS uptime: 4 days 4:40 hours
Hyper-V role detected

CPU: total 12 (initial active 12) (12 cores per cpu, 2 threads per core) family 25 model 80 stepping 0 microcode 0x0, cx8, cmov, fxsr, ht, mmx, 3dnowpref, sse, sse2, sse3, ssse3, sse4a, sse4.1, sse4.2, popcnt, lzcnt, tsc, tscinvbit, avx, avx2, aes, erms, clmul, bmi1, bmi2, adx, sha, fma, vzeroupper, clflush, clflushopt, hv

Memory: 4k page, system-wide physical 15765M (922M free)
TotalPageFile size 24373M (AvailPageFile size 4M)
current process WorkingSet (physical memory assigned to process): 104M, peak: 104M
current process commit charge ("private bytes"): 375M, peak: 375M

vm_info: OpenJDK 64-Bit Server VM (17.0.6+0-b2043.56-10027231) for windows-amd64 JRE (17.0.6+0-b2043.56-10027231), built on Apr 28 2023 00:43:19 by "androidbuild" with MS VC++ 16.10 / 16.11 (VS2019)

END.
